# Logfile created on 2021-03-31 23:52:17 +0000 by logger.rb/61378
I, [2021-03-31T23:52:17.552227 #58]  INFO -- : Failed to open TCP connection to selenium-hub:4444 (getaddrinfo: Name does not resolve) (SocketError)
/usr/local/lib/ruby/2.5.0/net/http.rb:939:in `rescue in block in connect'
/usr/local/lib/ruby/2.5.0/net/http.rb:936:in `block in connect'
/usr/local/lib/ruby/2.5.0/timeout.rb:93:in `block in timeout'
/usr/local/lib/ruby/2.5.0/timeout.rb:103:in `timeout'
/usr/local/lib/ruby/2.5.0/net/http.rb:935:in `connect'
/usr/local/lib/ruby/2.5.0/net/http.rb:920:in `do_start'
/usr/local/lib/ruby/2.5.0/net/http.rb:915:in `start'
/usr/local/bundle/gems/selenium-webdriver-3.142.7/lib/selenium/webdriver/remote/http/default.rb:71:in `http'
/usr/local/bundle/gems/selenium-webdriver-3.142.7/lib/selenium/webdriver/remote/http/default.rb:129:in `response_for'
/usr/local/bundle/gems/selenium-webdriver-3.142.7/lib/selenium/webdriver/remote/http/default.rb:82:in `request'
/usr/local/bundle/gems/selenium-webdriver-3.142.7/lib/selenium/webdriver/remote/http/common.rb:64:in `call'
/usr/local/bundle/gems/selenium-webdriver-3.142.7/lib/selenium/webdriver/remote/bridge.rb:167:in `execute'
/usr/local/bundle/gems/selenium-webdriver-3.142.7/lib/selenium/webdriver/remote/bridge.rb:102:in `create_session'
/usr/local/bundle/gems/selenium-webdriver-3.142.7/lib/selenium/webdriver/remote/bridge.rb:56:in `handshake'
/usr/local/bundle/gems/selenium-webdriver-3.142.7/lib/selenium/webdriver/remote/driver.rb:39:in `initialize'
/usr/local/bundle/gems/selenium-webdriver-3.142.7/lib/selenium/webdriver/common/driver.rb:58:in `new'
/usr/local/bundle/gems/selenium-webdriver-3.142.7/lib/selenium/webdriver/common/driver.rb:58:in `for'
/usr/local/bundle/gems/selenium-webdriver-3.142.7/lib/selenium/webdriver.rb:88:in `for'
/usr/local/bundle/gems/bucky-core-0.10.15/lib/bucky/test_equipment/selenium_handler/webdriver_handler.rb:17:in `create_webdriver'
/usr/local/bundle/gems/bucky-core-0.10.15/lib/bucky/test_equipment/test_case/e2e_test_case.rb:31:in `t_equip_setup'
/usr/local/bundle/gems/bucky-core-0.10.15/lib/bucky/test_equipment/test_case/e2e_test_case.rb:53:in `setup'
/usr/local/lib/ruby/gems/2.5.0/gems/test-unit-3.2.7/lib/test/unit/fixture.rb:278:in `run_fixture_callback'
/usr/local/lib/ruby/gems/2.5.0/gems/test-unit-3.2.7/lib/test/unit/fixture.rb:266:in `block in create_fixtures_runner'
/usr/local/lib/ruby/gems/2.5.0/gems/test-unit-3.2.7/lib/test/unit/fixture.rb:270:in `block in create_fixtures_runner'
/usr/local/lib/ruby/gems/2.5.0/gems/test-unit-3.2.7/lib/test/unit/fixture.rb:251:in `run_fixture'
/usr/local/lib/ruby/gems/2.5.0/gems/test-unit-3.2.7/lib/test/unit/fixture.rb:286:in `run_setup'
/usr/local/lib/ruby/gems/2.5.0/gems/test-unit-3.2.7/lib/test/unit/testcase.rb:497:in `block in run'
/usr/local/lib/ruby/gems/2.5.0/gems/test-unit-3.2.7/lib/test/unit/testcase.rb:496:in `catch'
/usr/local/lib/ruby/gems/2.5.0/gems/test-unit-3.2.7/lib/test/unit/testcase.rb:496:in `run'
/usr/local/bundle/gems/bucky-core-0.10.15/lib/bucky/test_equipment/test_case/abst_test_case.rb:26:in `run'
/usr/local/lib/ruby/gems/2.5.0/gems/test-unit-3.2.7/lib/test/unit/testsuite.rb:124:in `run_test'
/usr/local/lib/ruby/gems/2.5.0/gems/test-unit-3.2.7/lib/test/unit/testsuite.rb:53:in `run'
/usr/local/lib/ruby/gems/2.5.0/gems/test-unit-3.2.7/lib/test/unit/testsuite.rb:124:in `run_test'
/usr/local/lib/ruby/gems/2.5.0/gems/test-unit-3.2.7/lib/test/unit/testsuite.rb:53:in `run'
/usr/local/lib/ruby/gems/2.5.0/gems/test-unit-3.2.7/lib/test/unit/testsuite.rb:124:in `run_test'
/usr/local/lib/ruby/gems/2.5.0/gems/test-unit-3.2.7/lib/test/unit/testsuite.rb:53:in `run'
/usr/local/lib/ruby/gems/2.5.0/gems/test-unit-3.2.7/lib/test/unit/testsuite.rb:124:in `run_test'
/usr/local/lib/ruby/gems/2.5.0/gems/test-unit-3.2.7/lib/test/unit/testsuite.rb:53:in `run'
/usr/local/lib/ruby/gems/2.5.0/gems/test-unit-3.2.7/lib/test/unit/ui/testrunnermediator.rb:67:in `run_suite'
/usr/local/lib/ruby/gems/2.5.0/gems/test-unit-3.2.7/lib/test/unit/ui/testrunnermediator.rb:45:in `block (2 levels) in run'
/usr/local/lib/ruby/gems/2.5.0/gems/test-unit-3.2.7/lib/test/unit/ui/testrunnermediator.rb:102:in `with_listener'
/usr/local/lib/ruby/gems/2.5.0/gems/test-unit-3.2.7/lib/test/unit/ui/testrunnermediator.rb:41:in `block in run'
/usr/local/lib/ruby/gems/2.5.0/gems/test-unit-3.2.7/lib/test/unit/ui/testrunnermediator.rb:39:in `catch'
/usr/local/lib/ruby/gems/2.5.0/gems/test-unit-3.2.7/lib/test/unit/ui/testrunnermediator.rb:39:in `run'
/usr/local/lib/ruby/gems/2.5.0/gems/test-unit-3.2.7/lib/test/unit/ui/testrunner.rb:40:in `start_mediator'
/usr/local/lib/ruby/gems/2.5.0/gems/test-unit-3.2.7/lib/test/unit/ui/testrunner.rb:25:in `start'
/usr/local/lib/ruby/gems/2.5.0/gems/test-unit-3.2.7/lib/test/unit/ui/testrunnerutilities.rb:24:in `run'
/usr/local/lib/ruby/gems/2.5.0/gems/test-unit-3.2.7/lib/test/unit/autorunner.rb:435:in `block in run'
/usr/local/lib/ruby/gems/2.5.0/gems/test-unit-3.2.7/lib/test/unit/autorunner.rb:491:in `change_work_directory'
/usr/local/lib/ruby/gems/2.5.0/gems/test-unit-3.2.7/lib/test/unit/autorunner.rb:434:in `run'
/usr/local/lib/ruby/gems/2.5.0/gems/test-unit-3.2.7/lib/test/unit/autorunner.rb:62:in `run'
/usr/local/lib/ruby/gems/2.5.0/gems/test-unit-3.2.7/lib/test/unit.rb:502:in `block (2 levels) in <top (required)>'
/usr/local/bundle/gems/bucky-core-0.10.15/lib/bucky/core/test_core/test_manager.rb:37:in `fork'
/usr/local/bundle/gems/bucky-core-0.10.15/lib/bucky/core/test_core/test_manager.rb:37:in `block in parallel_new_worker_each'
/usr/local/bundle/gems/bucky-core-0.10.15/lib/bucky/core/test_core/test_manager.rb:29:in `each'
/usr/local/bundle/gems/bucky-core-0.10.15/lib/bucky/core/test_core/test_manager.rb:29:in `parallel_new_worker_each'
/usr/local/bundle/gems/bucky-core-0.10.15/lib/bucky/core/test_core/test_manager.rb:106:in `do_test_suites'
/usr/local/bundle/gems/bucky-core-0.10.15/lib/bucky/core/test_core/test_manager.rb:118:in `block in execute_test'
/usr/local/bundle/gems/bucky-core-0.10.15/lib/bucky/core/test_core/test_manager.rb:114:in `times'
/usr/local/bundle/gems/bucky-core-0.10.15/lib/bucky/core/test_core/test_manager.rb:114:in `execute_test'
/usr/local/bundle/gems/bucky-core-0.10.15/lib/bucky/core/test_core/test_manager.rb:75:in `run'
/usr/local/bundle/gems/bucky-core-0.10.15/exe/bucky:141:in `<top (required)>'
/usr/local/bundle/bin/bucky:23:in `load'
/usr/local/bundle/bin/bucky:23:in `<main>'
I, [2021-03-31T23:52:17.594971 #58]  INFO -- : undefined method `navigate' for nil:NilClass (NoMethodError)
/usr/local/bundle/gems/bucky-core-0.10.15/lib/bucky/test_equipment/user_operation/user_operation_helper.rb:21:in `go'
/usr/local/bundle/gems/bucky-core-0.10.15/lib/bucky/test_equipment/user_operation/user_operator.rb:28:in `method_missing'
/usr/local/bundle/gems/bucky-core-0.10.15/lib/bucky/test_equipment/test_case/e2e_test_case.rb:48:in `operate'
/usr/local/bundle/gems/bucky-core-0.10.15/lib/bucky/core/test_core/test_class_generator.rb:21:in `block in add_test_procedure'
/usr/local/bundle/gems/bucky-core-0.10.15/lib/bucky/core/test_core/test_class_generator.rb:17:in `each'
/usr/local/bundle/gems/bucky-core-0.10.15/lib/bucky/core/test_core/test_class_generator.rb:17:in `with_index'
/usr/local/bundle/gems/bucky-core-0.10.15/lib/bucky/core/test_core/test_class_generator.rb:17:in `add_test_procedure'
/usr/local/bundle/gems/bucky-core-0.10.15/lib/bucky/core/test_core/test_class_generator.rb:107:in `block (3 levels) in generate_test_class'
/usr/local/lib/ruby/gems/2.5.0/gems/test-unit-3.2.7/lib/test/unit/testcase.rb:793:in `run_test'
/usr/local/lib/ruby/gems/2.5.0/gems/test-unit-3.2.7/lib/test/unit/testcase.rb:499:in `block (2 levels) in run'
/usr/local/lib/ruby/gems/2.5.0/gems/test-unit-3.2.7/lib/test/unit/fixture.rb:270:in `block in create_fixtures_runner'
/usr/local/lib/ruby/gems/2.5.0/gems/test-unit-3.2.7/lib/test/unit/fixture.rb:270:in `block in create_fixtures_runner'
/usr/local/lib/ruby/gems/2.5.0/gems/test-unit-3.2.7/lib/test/unit/fixture.rb:251:in `run_fixture'
/usr/local/lib/ruby/gems/2.5.0/gems/test-unit-3.2.7/lib/test/unit/fixture.rb:286:in `run_setup'
/usr/local/lib/ruby/gems/2.5.0/gems/test-unit-3.2.7/lib/test/unit/testcase.rb:497:in `block in run'
/usr/local/lib/ruby/gems/2.5.0/gems/test-unit-3.2.7/lib/test/unit/testcase.rb:496:in `catch'
/usr/local/lib/ruby/gems/2.5.0/gems/test-unit-3.2.7/lib/test/unit/testcase.rb:496:in `run'
/usr/local/bundle/gems/bucky-core-0.10.15/lib/bucky/test_equipment/test_case/abst_test_case.rb:26:in `run'
/usr/local/lib/ruby/gems/2.5.0/gems/test-unit-3.2.7/lib/test/unit/testsuite.rb:124:in `run_test'
/usr/local/lib/ruby/gems/2.5.0/gems/test-unit-3.2.7/lib/test/unit/testsuite.rb:53:in `run'
/usr/local/lib/ruby/gems/2.5.0/gems/test-unit-3.2.7/lib/test/unit/testsuite.rb:124:in `run_test'
/usr/local/lib/ruby/gems/2.5.0/gems/test-unit-3.2.7/lib/test/unit/testsuite.rb:53:in `run'
/usr/local/lib/ruby/gems/2.5.0/gems/test-unit-3.2.7/lib/test/unit/testsuite.rb:124:in `run_test'
/usr/local/lib/ruby/gems/2.5.0/gems/test-unit-3.2.7/lib/test/unit/testsuite.rb:53:in `run'
/usr/local/lib/ruby/gems/2.5.0/gems/test-unit-3.2.7/lib/test/unit/testsuite.rb:124:in `run_test'
/usr/local/lib/ruby/gems/2.5.0/gems/test-unit-3.2.7/lib/test/unit/testsuite.rb:53:in `run'
/usr/local/lib/ruby/gems/2.5.0/gems/test-unit-3.2.7/lib/test/unit/ui/testrunnermediator.rb:67:in `run_suite'
/usr/local/lib/ruby/gems/2.5.0/gems/test-unit-3.2.7/lib/test/unit/ui/testrunnermediator.rb:45:in `block (2 levels) in run'
/usr/local/lib/ruby/gems/2.5.0/gems/test-unit-3.2.7/lib/test/unit/ui/testrunnermediator.rb:102:in `with_listener'
/usr/local/lib/ruby/gems/2.5.0/gems/test-unit-3.2.7/lib/test/unit/ui/testrunnermediator.rb:41:in `block in run'
/usr/local/lib/ruby/gems/2.5.0/gems/test-unit-3.2.7/lib/test/unit/ui/testrunnermediator.rb:39:in `catch'
/usr/local/lib/ruby/gems/2.5.0/gems/test-unit-3.2.7/lib/test/unit/ui/testrunnermediator.rb:39:in `run'
/usr/local/lib/ruby/gems/2.5.0/gems/test-unit-3.2.7/lib/test/unit/ui/testrunner.rb:40:in `start_mediator'
/usr/local/lib/ruby/gems/2.5.0/gems/test-unit-3.2.7/lib/test/unit/ui/testrunner.rb:25:in `start'
/usr/local/lib/ruby/gems/2.5.0/gems/test-unit-3.2.7/lib/test/unit/ui/testrunnerutilities.rb:24:in `run'
/usr/local/lib/ruby/gems/2.5.0/gems/test-unit-3.2.7/lib/test/unit/autorunner.rb:435:in `block in run'
/usr/local/lib/ruby/gems/2.5.0/gems/test-unit-3.2.7/lib/test/unit/autorunner.rb:491:in `change_work_directory'
/usr/local/lib/ruby/gems/2.5.0/gems/test-unit-3.2.7/lib/test/unit/autorunner.rb:434:in `run'
/usr/local/lib/ruby/gems/2.5.0/gems/test-unit-3.2.7/lib/test/unit/autorunner.rb:62:in `run'
/usr/local/lib/ruby/gems/2.5.0/gems/test-unit-3.2.7/lib/test/unit.rb:502:in `block (2 levels) in <top (required)>'
/usr/local/bundle/gems/bucky-core-0.10.15/lib/bucky/core/test_core/test_manager.rb:37:in `fork'
/usr/local/bundle/gems/bucky-core-0.10.15/lib/bucky/core/test_core/test_manager.rb:37:in `block in parallel_new_worker_each'
/usr/local/bundle/gems/bucky-core-0.10.15/lib/bucky/core/test_core/test_manager.rb:29:in `each'
/usr/local/bundle/gems/bucky-core-0.10.15/lib/bucky/core/test_core/test_manager.rb:29:in `parallel_new_worker_each'
/usr/local/bundle/gems/bucky-core-0.10.15/lib/bucky/core/test_core/test_manager.rb:106:in `do_test_suites'
/usr/local/bundle/gems/bucky-core-0.10.15/lib/bucky/core/test_core/test_manager.rb:118:in `block in execute_test'
/usr/local/bundle/gems/bucky-core-0.10.15/lib/bucky/core/test_core/test_manager.rb:114:in `times'
/usr/local/bundle/gems/bucky-core-0.10.15/lib/bucky/core/test_core/test_manager.rb:114:in `execute_test'
/usr/local/bundle/gems/bucky-core-0.10.15/lib/bucky/core/test_core/test_manager.rb:75:in `run'
/usr/local/bundle/gems/bucky-core-0.10.15/exe/bucky:141:in `<top (required)>'
/usr/local/bundle/bin/bucky:23:in `load'
/usr/local/bundle/bin/bucky:23:in `<main>'
I, [2021-04-01T13:02:22.935402 #37]  INFO -- : Not Expected Title.
<"Some title"> expected but was
<"TestCafe Example Page">. (Test::Unit::AssertionFailedError)
/usr/local/lib/ruby/gems/2.5.0/gems/test-unit-3.2.7/lib/test/unit/assertions.rb:55:in `block in assert_block'
/usr/local/lib/ruby/gems/2.5.0/gems/test-unit-3.2.7/lib/test/unit/assertions.rb:1636:in `_wrap_assertion'
/usr/local/lib/ruby/gems/2.5.0/gems/test-unit-3.2.7/lib/test/unit/assertions.rb:53:in `assert_block'
/usr/local/lib/ruby/gems/2.5.0/gems/test-unit-3.2.7/lib/test/unit/assertions.rb:240:in `assert_equal'
/usr/local/bundle/gems/bucky-core-0.10.15/lib/bucky/test_equipment/verifications/e2e_verification.rb:30:in `block in assert_title'
/usr/local/bundle/gems/bucky-core-0.10.15/lib/bucky/test_equipment/verifications/e2e_verification.rb:98:in `verify_rescue'
/usr/local/bundle/gems/bucky-core-0.10.15/lib/bucky/test_equipment/verifications/e2e_verification.rb:30:in `assert_title'
/usr/local/bundle/gems/bucky-core-0.10.15/lib/bucky/test_equipment/verifications/service_verifications.rb:29:in `method_missing'
/usr/local/bundle/gems/bucky-core-0.10.15/lib/bucky/test_equipment/test_case/e2e_test_case.rb:42:in `verify'
/usr/local/bundle/gems/bucky-core-0.10.15/lib/bucky/core/test_core/test_class_generator.rb:21:in `block in add_test_procedure'
/usr/local/bundle/gems/bucky-core-0.10.15/lib/bucky/core/test_core/test_class_generator.rb:17:in `each'
/usr/local/bundle/gems/bucky-core-0.10.15/lib/bucky/core/test_core/test_class_generator.rb:17:in `with_index'
/usr/local/bundle/gems/bucky-core-0.10.15/lib/bucky/core/test_core/test_class_generator.rb:17:in `add_test_procedure'
/usr/local/bundle/gems/bucky-core-0.10.15/lib/bucky/core/test_core/test_class_generator.rb:107:in `block (3 levels) in generate_test_class'
/usr/local/lib/ruby/gems/2.5.0/gems/test-unit-3.2.7/lib/test/unit/testcase.rb:793:in `run_test'
/usr/local/lib/ruby/gems/2.5.0/gems/test-unit-3.2.7/lib/test/unit/testcase.rb:499:in `block (2 levels) in run'
/usr/local/lib/ruby/gems/2.5.0/gems/test-unit-3.2.7/lib/test/unit/fixture.rb:270:in `block in create_fixtures_runner'
/usr/local/lib/ruby/gems/2.5.0/gems/test-unit-3.2.7/lib/test/unit/fixture.rb:270:in `block in create_fixtures_runner'
/usr/local/lib/ruby/gems/2.5.0/gems/test-unit-3.2.7/lib/test/unit/fixture.rb:251:in `run_fixture'
/usr/local/lib/ruby/gems/2.5.0/gems/test-unit-3.2.7/lib/test/unit/fixture.rb:286:in `run_setup'
/usr/local/lib/ruby/gems/2.5.0/gems/test-unit-3.2.7/lib/test/unit/testcase.rb:497:in `block in run'
/usr/local/lib/ruby/gems/2.5.0/gems/test-unit-3.2.7/lib/test/unit/testcase.rb:496:in `catch'
/usr/local/lib/ruby/gems/2.5.0/gems/test-unit-3.2.7/lib/test/unit/testcase.rb:496:in `run'
/usr/local/bundle/gems/bucky-core-0.10.15/lib/bucky/test_equipment/test_case/abst_test_case.rb:26:in `run'
/usr/local/lib/ruby/gems/2.5.0/gems/test-unit-3.2.7/lib/test/unit/testsuite.rb:124:in `run_test'
/usr/local/lib/ruby/gems/2.5.0/gems/test-unit-3.2.7/lib/test/unit/testsuite.rb:53:in `run'
/usr/local/lib/ruby/gems/2.5.0/gems/test-unit-3.2.7/lib/test/unit/testsuite.rb:124:in `run_test'
/usr/local/lib/ruby/gems/2.5.0/gems/test-unit-3.2.7/lib/test/unit/testsuite.rb:53:in `run'
/usr/local/lib/ruby/gems/2.5.0/gems/test-unit-3.2.7/lib/test/unit/testsuite.rb:124:in `run_test'
/usr/local/lib/ruby/gems/2.5.0/gems/test-unit-3.2.7/lib/test/unit/testsuite.rb:53:in `run'
/usr/local/lib/ruby/gems/2.5.0/gems/test-unit-3.2.7/lib/test/unit/testsuite.rb:124:in `run_test'
/usr/local/lib/ruby/gems/2.5.0/gems/test-unit-3.2.7/lib/test/unit/testsuite.rb:53:in `run'
/usr/local/lib/ruby/gems/2.5.0/gems/test-unit-3.2.7/lib/test/unit/ui/testrunnermediator.rb:67:in `run_suite'
/usr/local/lib/ruby/gems/2.5.0/gems/test-unit-3.2.7/lib/test/unit/ui/testrunnermediator.rb:45:in `block (2 levels) in run'
/usr/local/lib/ruby/gems/2.5.0/gems/test-unit-3.2.7/lib/test/unit/ui/testrunnermediator.rb:102:in `with_listener'
/usr/local/lib/ruby/gems/2.5.0/gems/test-unit-3.2.7/lib/test/unit/ui/testrunnermediator.rb:41:in `block in run'
/usr/local/lib/ruby/gems/2.5.0/gems/test-unit-3.2.7/lib/test/unit/ui/testrunnermediator.rb:39:in `catch'
/usr/local/lib/ruby/gems/2.5.0/gems/test-unit-3.2.7/lib/test/unit/ui/testrunnermediator.rb:39:in `run'
/usr/local/lib/ruby/gems/2.5.0/gems/test-unit-3.2.7/lib/test/unit/ui/testrunner.rb:40:in `start_mediator'
/usr/local/lib/ruby/gems/2.5.0/gems/test-unit-3.2.7/lib/test/unit/ui/testrunner.rb:25:in `start'
/usr/local/lib/ruby/gems/2.5.0/gems/test-unit-3.2.7/lib/test/unit/ui/testrunnerutilities.rb:24:in `run'
/usr/local/lib/ruby/gems/2.5.0/gems/test-unit-3.2.7/lib/test/unit/autorunner.rb:435:in `block in run'
/usr/local/lib/ruby/gems/2.5.0/gems/test-unit-3.2.7/lib/test/unit/autorunner.rb:491:in `change_work_directory'
/usr/local/lib/ruby/gems/2.5.0/gems/test-unit-3.2.7/lib/test/unit/autorunner.rb:434:in `run'
/usr/local/lib/ruby/gems/2.5.0/gems/test-unit-3.2.7/lib/test/unit/autorunner.rb:62:in `run'
/usr/local/lib/ruby/gems/2.5.0/gems/test-unit-3.2.7/lib/test/unit.rb:502:in `block (2 levels) in <top (required)>'
/usr/local/bundle/gems/bucky-core-0.10.15/lib/bucky/core/test_core/test_manager.rb:37:in `fork'
/usr/local/bundle/gems/bucky-core-0.10.15/lib/bucky/core/test_core/test_manager.rb:37:in `block in parallel_new_worker_each'
/usr/local/bundle/gems/bucky-core-0.10.15/lib/bucky/core/test_core/test_manager.rb:29:in `each'
/usr/local/bundle/gems/bucky-core-0.10.15/lib/bucky/core/test_core/test_manager.rb:29:in `parallel_new_worker_each'
/usr/local/bundle/gems/bucky-core-0.10.15/lib/bucky/core/test_core/test_manager.rb:106:in `do_test_suites'
/usr/local/bundle/gems/bucky-core-0.10.15/lib/bucky/core/test_core/test_manager.rb:118:in `block in execute_test'
/usr/local/bundle/gems/bucky-core-0.10.15/lib/bucky/core/test_core/test_manager.rb:114:in `times'
/usr/local/bundle/gems/bucky-core-0.10.15/lib/bucky/core/test_core/test_manager.rb:114:in `execute_test'
/usr/local/bundle/gems/bucky-core-0.10.15/lib/bucky/core/test_core/test_manager.rb:75:in `run'
/usr/local/bundle/gems/bucky-core-0.10.15/exe/bucky:141:in `<top (required)>'
/usr/local/bundle/bin/bucky:23:in `load'
/usr/local/bundle/bin/bucky:23:in `<main>'
